<?xml version="1.0" encoding="UTF-8"?>
<!-- Generated by org.testng.reporters.JUnitReportReporter -->
<testsuite hostname="HW1687" name="com.appium.wwu.tests.EMS" tests="1" failures="0" timestamp="24 Apr 2015 10:53:27 GMT" time="12.303" errors="0">
  <testcase name="setAlertsForAMatch" time="12.303" classname="com.appium.wwu.tests.EMS"/>
</testsuite> <!-- com.appium.wwu.tests.EMS -->
