<?xml version="1.0" encoding="UTF-8"?>
<!-- Generated by org.testng.reporters.JUnitReportReporter -->
<testsuite hostname="HW1687" name="com.appium.champdrive.tests.ShareScores" tests="1" failures="0" timestamp="8 Jan 2015 06:55:45 GMT" time="103.156" errors="0">
  <testcase name="shareMatchInfo" time="103.156" classname="com.appium.champdrive.tests.ShareScores"/>
</testsuite> <!-- com.appium.champdrive.tests.ShareScores -->
