<?xml version="1.0" encoding="UTF-8"?>
<!-- Generated by org.testng.reporters.JUnitReportReporter -->
<testsuite hostname="HW0712" name="com.champdrive.tests.AddFavourites" tests="1" failures="0" timestamp="5 Jan 2015 16:37:26 GMT" time="138.009" errors="0">
  <testcase name="addFavouriteTeam" time="138.009" classname="com.champdrive.tests.AddFavourites"/>
</testsuite> <!-- com.champdrive.tests.AddFavourites -->
