<?xml version="1.0" encoding="UTF-8"?>
<!-- Generated by org.testng.reporters.JUnitReportReporter -->
<testsuite hostname="HW1687" name="com.sportscentre.appium.tests.SettingsPage" tests="1" failures="0" timestamp="6 Jan 2015 15:13:08 GMT" time="7.987" errors="0">
  <testcase name="changeSettings" time="7.987" classname="com.sportscentre.appium.tests.SettingsPage"/>
</testsuite> <!-- com.sportscentre.appium.tests.SettingsPage -->
