<?xml version="1.0" encoding="UTF-8"?>
<!-- Generated by org.testng.reporters.JUnitReportReporter -->
<testsuite hostname="HW1687" name="com.appium.ticketfly.mbrowser.SearchEvent" tests="1" failures="0" timestamp="28 Apr 2015 12:13:35 GMT" time="22.401" errors="0">
  <testcase name="findingEvents" time="22.401" classname="com.appium.ticketfly.mbrowser.SearchEvent"/>
</testsuite> <!-- com.appium.ticketfly.mbrowser.SearchEvent -->
