<?xml version="1.0" encoding="UTF-8"?>
<!-- Generated by org.testng.reporters.JUnitReportReporter -->
<testsuite hostname="HW0712" name="com.champdrive.tests.VideoWatch" tests="1" failures="0" timestamp="6 Jan 2015 06:51:05 GMT" time="143.792" errors="0">
  <testcase name="watchVideo" time="143.792" classname="com.champdrive.tests.VideoWatch"/>
</testsuite> <!-- com.champdrive.tests.VideoWatch -->
