<?xml version="1.0" encoding="UTF-8"?>
<!-- Generated by org.testng.reporters.JUnitReportReporter -->
<testsuite hostname="HW0712" name="com.chaotic.scripts.UserRegistration" tests="1" failures="0" timestamp="19 Nov 2014 14:40:30 GMT" time="311.658" errors="0">
  <testcase name="bookRoomWithValidCC" time="311.658" classname="com.chaotic.scripts.UserRegistration"/>
</testsuite> <!-- com.chaotic.scripts.UserRegistration -->
