<?xml version="1.0" encoding="UTF-8"?>
<!-- Generated by org.testng.reporters.JUnitReportReporter -->
<testsuite hostname="HW1687" name="com.appium.champdrive.tests.ChangeSettings" tests="1" failures="0" timestamp="8 Jan 2015 11:05:50 GMT" time="82.115" errors="0">
  <testcase name="changeinsettings" time="82.115" classname="com.appium.champdrive.tests.ChangeSettings"/>
</testsuite> <!-- com.appium.champdrive.tests.ChangeSettings -->
