<?xml version="1.0" encoding="UTF-8"?>
<!-- Generated by org.testng.reporters.JUnitReportReporter -->
<testsuite hostname="HW1687" name="com.appium.sportscentre.tests.UserSettings" tests="1" failures="0" timestamp="9 Jan 2015 11:02:29 GMT" time="29.571" errors="0">
  <testcase name="changeSettings" time="29.571" classname="com.appium.sportscentre.tests.UserSettings"/>
</testsuite> <!-- com.appium.sportscentre.tests.UserSettings -->
