<?xml version="1.0" encoding="UTF-8"?>
<!-- Generated by org.testng.reporters.JUnitReportReporter -->
<testsuite hostname="HW0712" name="com.sportscentre.tests.AddFavourites" tests="1" failures="0" timestamp="6 Jan 2015 09:50:01 GMT" time="144.260" errors="0">
  <testcase name="VerifyAddingATeamAsAFavourite" time="144.260" classname="com.sportscentre.tests.AddFavourites"/>
</testsuite> <!-- com.sportscentre.tests.AddFavourites -->
