<?xml version="1.0" encoding="UTF-8"?>
<!-- Generated by org.testng.reporters.JUnitReportReporter -->
<testsuite hostname="HW0712" name="com.champdrive.tests.Login" tests="1" failures="0" timestamp="5 Jan 2015 16:37:26 GMT" time="108.668" errors="0">
  <testcase name="login" time="108.668" classname="com.champdrive.tests.Login"/>
</testsuite> <!-- com.champdrive.tests.Login -->
