<?xml version="1.0" encoding="UTF-8"?>
<!-- Generated by org.testng.reporters.JUnitReportReporter -->
<testsuite hostname="HW1687" name="com.appium.champdrive.tests.AlertOptions" tests="1" failures="0" timestamp="8 Jan 2015 06:55:45 GMT" time="36.845" errors="0">
  <testcase name="setAlertsForAMatch" time="36.845" classname="com.appium.champdrive.tests.AlertOptions"/>
</testsuite> <!-- com.appium.champdrive.tests.AlertOptions -->
