<?xml version="1.0" encoding="UTF-8"?>
<!-- Generated by org.testng.reporters.JUnitReportReporter -->
<testsuite hostname="HW0712" name="com.chaotic.scripts.RoomBooking" tests="1" failures="0" timestamp="18 Nov 2014 14:52:27 GMT" time="137.499" errors="0">
  <testcase name="bookRoomWithValidCC" time="137.499" classname="com.chaotic.scripts.RoomBooking"/>
</testsuite> <!-- com.chaotic.scripts.RoomBooking -->
