<?xml version="1.0" encoding="UTF-8"?>
<!-- Generated by org.testng.reporters.JUnitReportReporter -->
<testsuite hostname="HW0712" name="com.champdrive.tests.AlertSetupForAMatch" tests="1" failures="0" timestamp="5 Jan 2015 16:37:26 GMT" time="395.004" errors="0">
  <testcase name="setAlertsForAMatch" time="395.004" classname="com.champdrive.tests.AlertSetupForAMatch"/>
</testsuite> <!-- com.champdrive.tests.AlertSetupForAMatch -->
