<?xml version="1.0" encoding="UTF-8"?>
<!-- Generated by org.testng.reporters.JUnitReportReporter -->
<testsuite hostname="HW1687" name="com.appium.taylormade.scripts.SearchProducts" tests="1" failures="0" timestamp="29 Apr 2015 13:10:59 GMT" time="28.983" errors="0">
  <testcase name="findingEvents" time="28.983" classname="com.appium.taylormade.scripts.SearchProducts"/>
</testsuite> <!-- com.appium.taylormade.scripts.SearchProducts -->
